<?xml version="1.0" encoding="UTF-8"?>
<!-- Generated by org.testng.reporters.JUnitReportReporter -->
<testsuite hostname="MIGHTYSURYA11" failures="0" tests="1" name="Questions.Alert" time="0.234" errors="0" timestamp="2024-07-07T01:15:04 IST" skipped="0">
  <testcase classname="Questions.Alert" name="test1" time="0.234"/>
  <system-out/>
</testsuite> <!-- Questions.Alert -->
