<?xml version="1.0" encoding="UTF-8"?>
<!-- Generated by org.testng.reporters.JUnitReportReporter -->
<testsuite hostname="MIGHTYSURYA11" failures="0" tests="1" name="Questions.Iframes" time="1.127" errors="0" timestamp="2024-07-08T00:48:40 IST" skipped="0">
  <testcase classname="Questions.Iframes" name="test1" time="1.127"/>
  <system-out/>
</testsuite> <!-- Questions.Iframes -->
