<?xml version="1.0" encoding="UTF-8"?>
<!-- Generated by org.testng.reporters.JUnitReportReporter -->
<testsuite hostname="MIGHTYSURYA11" failures="0" tests="3" name="Questions.AlertClass" time="0.462" errors="0" timestamp="2024-07-07T01:39:46 IST" skipped="0">
  <testcase classname="Questions.AlertClass" name="test2" time="0.129"/>
  <system-out/>
  <testcase classname="Questions.AlertClass" name="test3" time="0.186"/>
  <system-out/>
  <testcase classname="Questions.AlertClass" name="test" time="0.147"/>
  <system-out/>
</testsuite> <!-- Questions.AlertClass -->
